running egg_info
creating ../../build/my_package/my_package.egg-info
writing ../../build/my_package/my_package.egg-info/PKG-INFO
writing dependency_links to ../../build/my_package/my_package.egg-info/dependency_links.txt
writing entry points to ../../build/my_package/my_package.egg-info/entry_points.txt
writing requirements to ../../build/my_package/my_package.egg-info/requires.txt
writing top-level names to ../../build/my_package/my_package.egg-info/top_level.txt
writing manifest file '../../build/my_package/my_package.egg-info/SOURCES.txt'
reading manifest file '../../build/my_package/my_package.egg-info/SOURCES.txt'
writing manifest file '../../build/my_package/my_package.egg-info/SOURCES.txt'
running build
running build_py
creating /home/eleclabs/robot_ws/build/my_package/build
creating /home/eleclabs/robot_ws/build/my_package/build/lib
creating /home/eleclabs/robot_ws/build/my_package/build/lib/my_package
copying my_package/__init__.py -> /home/eleclabs/robot_ws/build/my_package/build/lib/my_package
copying my_package/publisher_node.py -> /home/eleclabs/robot_ws/build/my_package/build/lib/my_package
copying my_package/subscriber_node.py -> /home/eleclabs/robot_ws/build/my_package/build/lib/my_package
running install
running install_lib
running install_data
running install_egg_info
removing '/home/eleclabs/robot_ws/install/my_package/lib/python3.10/site-packages/my_package-0.0.0-py3.10.egg-info' (and everything under it)
Copying ../../build/my_package/my_package.egg-info to /home/eleclabs/robot_ws/install/my_package/lib/python3.10/site-packages/my_package-0.0.0-py3.10.egg-info
running install_scripts
Installing publisher_node script to /home/eleclabs/robot_ws/install/my_package/lib/my_package
Installing subscriber_node script to /home/eleclabs/robot_ws/install/my_package/lib/my_package
writing list of installed files to '/home/eleclabs/robot_ws/build/my_package/install.log'
