[0.802s] Invoking command in '/home/eleclabs/robot_ws/src/my_package': PYTHONPATH=/home/eleclabs/robot_ws/build/my_package/prefix_override:/usr/lib/python3/dist-packages/colcon_core/task/python/colcon_distutils_commands:/home/eleclabs/robot_ws/install/my_package/lib/python3.10/site-packages:${PYTHONPATH} /usr/bin/python3 -W ignore:setup.py install is deprecated setup.py egg_info --egg-base ../../build/my_package build --build-base /home/eleclabs/robot_ws/build/my_package/build install --record /home/eleclabs/robot_ws/build/my_package/install.log --single-version-externally-managed install_data
[1.029s] running egg_info
[1.029s] creating ../../build/my_package/my_package.egg-info
[1.030s] writing ../../build/my_package/my_package.egg-info/PKG-INFO
[1.030s] writing dependency_links to ../../build/my_package/my_package.egg-info/dependency_links.txt
[1.030s] writing entry points to ../../build/my_package/my_package.egg-info/entry_points.txt
[1.030s] writing requirements to ../../build/my_package/my_package.egg-info/requires.txt
[1.030s] writing top-level names to ../../build/my_package/my_package.egg-info/top_level.txt
[1.031s] writing manifest file '../../build/my_package/my_package.egg-info/SOURCES.txt'
[1.031s] reading manifest file '../../build/my_package/my_package.egg-info/SOURCES.txt'
[1.032s] writing manifest file '../../build/my_package/my_package.egg-info/SOURCES.txt'
[1.032s] running build
[1.032s] running build_py
[1.032s] creating /home/eleclabs/robot_ws/build/my_package/build
[1.033s] creating /home/eleclabs/robot_ws/build/my_package/build/lib
[1.033s] creating /home/eleclabs/robot_ws/build/my_package/build/lib/my_package
[1.034s] copying my_package/__init__.py -> /home/eleclabs/robot_ws/build/my_package/build/lib/my_package
[1.034s] copying my_package/publisher_node.py -> /home/eleclabs/robot_ws/build/my_package/build/lib/my_package
[1.034s] copying my_package/subscriber_node.py -> /home/eleclabs/robot_ws/build/my_package/build/lib/my_package
[1.034s] running install
[1.034s] running install_lib
[1.035s] running install_data
[1.035s] running install_egg_info
[1.037s] removing '/home/eleclabs/robot_ws/install/my_package/lib/python3.10/site-packages/my_package-0.0.0-py3.10.egg-info' (and everything under it)
[1.037s] Copying ../../build/my_package/my_package.egg-info to /home/eleclabs/robot_ws/install/my_package/lib/python3.10/site-packages/my_package-0.0.0-py3.10.egg-info
[1.038s] running install_scripts
[1.054s] Installing publisher_node script to /home/eleclabs/robot_ws/install/my_package/lib/my_package
[1.054s] Installing subscriber_node script to /home/eleclabs/robot_ws/install/my_package/lib/my_package
[1.054s] writing list of installed files to '/home/eleclabs/robot_ws/build/my_package/install.log'
[1.078s] Invoked command in '/home/eleclabs/robot_ws/src/my_package' returned '0': PYTHONPATH=/home/eleclabs/robot_ws/build/my_package/prefix_override:/usr/lib/python3/dist-packages/colcon_core/task/python/colcon_distutils_commands:/home/eleclabs/robot_ws/install/my_package/lib/python3.10/site-packages:${PYTHONPATH} /usr/bin/python3 -W ignore:setup.py install is deprecated setup.py egg_info --egg-base ../../build/my_package build --build-base /home/eleclabs/robot_ws/build/my_package/build install --record /home/eleclabs/robot_ws/build/my_package/install.log --single-version-externally-managed install_data
