[0.559s] Invoking command in '/home/eleclabs/robot_ws/src/mypkg': PYTHONPATH=/home/eleclabs/robot_ws/build/mypkg/prefix_override:/usr/lib/python3/dist-packages/colcon_core/task/python/colcon_distutils_commands:/home/eleclabs/robot_ws/install/mypkg/lib/python3.10/site-packages:${PYTHONPATH} /usr/bin/python3 -W ignore:setup.py install is deprecated setup.py egg_info --egg-base ../../build/mypkg build --build-base /home/eleclabs/robot_ws/build/mypkg/build install --record /home/eleclabs/robot_ws/build/mypkg/install.log --single-version-externally-managed install_data
[0.765s] running egg_info
[0.765s] writing ../../build/mypkg/mypkg.egg-info/PKG-INFO
[0.765s] writing dependency_links to ../../build/mypkg/mypkg.egg-info/dependency_links.txt
[0.766s] writing entry points to ../../build/mypkg/mypkg.egg-info/entry_points.txt
[0.766s] writing requirements to ../../build/mypkg/mypkg.egg-info/requires.txt
[0.766s] writing top-level names to ../../build/mypkg/mypkg.egg-info/top_level.txt
[0.767s] reading manifest file '../../build/mypkg/mypkg.egg-info/SOURCES.txt'
[0.767s] writing manifest file '../../build/mypkg/mypkg.egg-info/SOURCES.txt'
[0.768s] running build
[0.768s] running build_py
[0.768s] copying mypkg/pub_node.py -> /home/eleclabs/robot_ws/build/mypkg/build/lib/mypkg
[0.768s] running install
[0.768s] running install_lib
[0.769s] copying /home/eleclabs/robot_ws/build/mypkg/build/lib/mypkg/pub_node.py -> /home/eleclabs/robot_ws/install/mypkg/lib/python3.10/site-packages/mypkg
[0.769s] byte-compiling /home/eleclabs/robot_ws/install/mypkg/lib/python3.10/site-packages/mypkg/pub_node.py to pub_node.cpython-310.pyc
[0.770s] running install_data
[0.770s] copying package.xml -> /home/eleclabs/robot_ws/install/mypkg/share/mypkg
[0.770s] running install_egg_info
[0.771s] removing '/home/eleclabs/robot_ws/install/mypkg/lib/python3.10/site-packages/mypkg-0.0.0-py3.10.egg-info' (and everything under it)
[0.772s] Copying ../../build/mypkg/mypkg.egg-info to /home/eleclabs/robot_ws/install/mypkg/lib/python3.10/site-packages/mypkg-0.0.0-py3.10.egg-info
[0.773s] running install_scripts
[0.787s] Installing pub_node script to /home/eleclabs/robot_ws/install/mypkg/lib/mypkg
[0.787s] writing list of installed files to '/home/eleclabs/robot_ws/build/mypkg/install.log'
[0.806s] Invoked command in '/home/eleclabs/robot_ws/src/mypkg' returned '0': PYTHONPATH=/home/eleclabs/robot_ws/build/mypkg/prefix_override:/usr/lib/python3/dist-packages/colcon_core/task/python/colcon_distutils_commands:/home/eleclabs/robot_ws/install/mypkg/lib/python3.10/site-packages:${PYTHONPATH} /usr/bin/python3 -W ignore:setup.py install is deprecated setup.py egg_info --egg-base ../../build/mypkg build --build-base /home/eleclabs/robot_ws/build/mypkg/build install --record /home/eleclabs/robot_ws/build/mypkg/install.log --single-version-externally-managed install_data
