[0.820s] Invoking command in '/home/eleclabs/robot_ws/src/my_package': PYTHONPATH=/home/eleclabs/robot_ws/build/my_package/prefix_override:/usr/lib/python3/dist-packages/colcon_core/task/python/colcon_distutils_commands:/home/eleclabs/robot_ws/install/my_package/lib/python3.10/site-packages:${PYTHONPATH} /usr/bin/python3 -W ignore:setup.py install is deprecated setup.py egg_info --egg-base ../../build/my_package build --build-base /home/eleclabs/robot_ws/build/my_package/build install --record /home/eleclabs/robot_ws/build/my_package/install.log --single-version-externally-managed install_data
[1.028s] running egg_info
[1.029s] creating ../../build/my_package/my_package.egg-info
[1.029s] writing ../../build/my_package/my_package.egg-info/PKG-INFO
[1.030s] writing dependency_links to ../../build/my_package/my_package.egg-info/dependency_links.txt
[1.030s] writing entry points to ../../build/my_package/my_package.egg-info/entry_points.txt
[1.030s] writing requirements to ../../build/my_package/my_package.egg-info/requires.txt
[1.030s] writing top-level names to ../../build/my_package/my_package.egg-info/top_level.txt
[1.030s] writing manifest file '../../build/my_package/my_package.egg-info/SOURCES.txt'
[1.032s] reading manifest file '../../build/my_package/my_package.egg-info/SOURCES.txt'
[1.033s] writing manifest file '../../build/my_package/my_package.egg-info/SOURCES.txt'
[1.033s] running build
[1.033s] running build_py
[1.035s] creating /home/eleclabs/robot_ws/build/my_package/build
[1.035s] creating /home/eleclabs/robot_ws/build/my_package/build/lib
[1.035s] creating /home/eleclabs/robot_ws/build/my_package/build/lib/my_package
[1.035s] copying my_package/__init__.py -> /home/eleclabs/robot_ws/build/my_package/build/lib/my_package
[1.035s] copying my_package/publisher_node.py -> /home/eleclabs/robot_ws/build/my_package/build/lib/my_package
[1.036s] copying my_package/subscriber_node.py -> /home/eleclabs/robot_ws/build/my_package/build/lib/my_package
[1.036s] running install
[1.037s] running install_lib
[1.037s] creating /home/eleclabs/robot_ws/install/my_package/lib/python3.10/site-packages/my_package
[1.037s] copying /home/eleclabs/robot_ws/build/my_package/build/lib/my_package/__init__.py -> /home/eleclabs/robot_ws/install/my_package/lib/python3.10/site-packages/my_package
[1.038s] copying /home/eleclabs/robot_ws/build/my_package/build/lib/my_package/publisher_node.py -> /home/eleclabs/robot_ws/install/my_package/lib/python3.10/site-packages/my_package
[1.038s] copying /home/eleclabs/robot_ws/build/my_package/build/lib/my_package/subscriber_node.py -> /home/eleclabs/robot_ws/install/my_package/lib/python3.10/site-packages/my_package
[1.038s] byte-compiling /home/eleclabs/robot_ws/install/my_package/lib/python3.10/site-packages/my_package/__init__.py to __init__.cpython-310.pyc
[1.038s] byte-compiling /home/eleclabs/robot_ws/install/my_package/lib/python3.10/site-packages/my_package/publisher_node.py to publisher_node.cpython-310.pyc
[1.039s] byte-compiling /home/eleclabs/robot_ws/install/my_package/lib/python3.10/site-packages/my_package/subscriber_node.py to subscriber_node.cpython-310.pyc
[1.039s] running install_data
[1.039s] creating /home/eleclabs/robot_ws/install/my_package/share/ament_index
[1.040s] creating /home/eleclabs/robot_ws/install/my_package/share/ament_index/resource_index
[1.040s] creating /home/eleclabs/robot_ws/install/my_package/share/ament_index/resource_index/packages
[1.040s] copying resource/my_package -> /home/eleclabs/robot_ws/install/my_package/share/ament_index/resource_index/packages
[1.040s] copying package.xml -> /home/eleclabs/robot_ws/install/my_package/share/my_package
[1.040s] running install_egg_info
[1.042s] Copying ../../build/my_package/my_package.egg-info to /home/eleclabs/robot_ws/install/my_package/lib/python3.10/site-packages/my_package-0.0.0-py3.10.egg-info
[1.043s] running install_scripts
[1.058s] Installing publisher_node script to /home/eleclabs/robot_ws/install/my_package/lib/my_package
[1.059s] Installing subscriber_node script to /home/eleclabs/robot_ws/install/my_package/lib/my_package
[1.059s] writing list of installed files to '/home/eleclabs/robot_ws/build/my_package/install.log'
[1.092s] Invoked command in '/home/eleclabs/robot_ws/src/my_package' returned '0': PYTHONPATH=/home/eleclabs/robot_ws/build/my_package/prefix_override:/usr/lib/python3/dist-packages/colcon_core/task/python/colcon_distutils_commands:/home/eleclabs/robot_ws/install/my_package/lib/python3.10/site-packages:${PYTHONPATH} /usr/bin/python3 -W ignore:setup.py install is deprecated setup.py egg_info --egg-base ../../build/my_package build --build-base /home/eleclabs/robot_ws/build/my_package/build install --record /home/eleclabs/robot_ws/build/my_package/install.log --single-version-externally-managed install_data
