[0.566s] Invoking command in '/home/eleclabs/robot_ws/src/mypkg': PYTHONPATH=/home/eleclabs/robot_ws/build/mypkg/prefix_override:/usr/lib/python3/dist-packages/colcon_core/task/python/colcon_distutils_commands:/home/eleclabs/robot_ws/install/mypkg/lib/python3.10/site-packages:${PYTHONPATH} /usr/bin/python3 -W ignore:setup.py install is deprecated setup.py egg_info --egg-base ../../build/mypkg build --build-base /home/eleclabs/robot_ws/build/mypkg/build install --record /home/eleclabs/robot_ws/build/mypkg/install.log --single-version-externally-managed install_data
[0.770s] running egg_info
[0.770s] writing ../../build/mypkg/mypkg.egg-info/PKG-INFO
[0.770s] writing dependency_links to ../../build/mypkg/mypkg.egg-info/dependency_links.txt
[0.771s] writing entry points to ../../build/mypkg/mypkg.egg-info/entry_points.txt
[0.771s] writing requirements to ../../build/mypkg/mypkg.egg-info/requires.txt
[0.771s] writing top-level names to ../../build/mypkg/mypkg.egg-info/top_level.txt
[0.772s] reading manifest file '../../build/mypkg/mypkg.egg-info/SOURCES.txt'
[0.773s] writing manifest file '../../build/mypkg/mypkg.egg-info/SOURCES.txt'
[0.773s] running build
[0.773s] running build_py
[0.773s] running install
[0.773s] running install_lib
[0.774s] running install_data
[0.774s] running install_egg_info
[0.776s] removing '/home/eleclabs/robot_ws/install/mypkg/lib/python3.10/site-packages/mypkg-0.0.0-py3.10.egg-info' (and everything under it)
[0.776s] Copying ../../build/mypkg/mypkg.egg-info to /home/eleclabs/robot_ws/install/mypkg/lib/python3.10/site-packages/mypkg-0.0.0-py3.10.egg-info
[0.777s] running install_scripts
[0.792s] Installing publisher_node script to /home/eleclabs/robot_ws/install/mypkg/lib/mypkg
[0.792s] writing list of installed files to '/home/eleclabs/robot_ws/build/mypkg/install.log'
[0.810s] Invoked command in '/home/eleclabs/robot_ws/src/mypkg' returned '0': PYTHONPATH=/home/eleclabs/robot_ws/build/mypkg/prefix_override:/usr/lib/python3/dist-packages/colcon_core/task/python/colcon_distutils_commands:/home/eleclabs/robot_ws/install/mypkg/lib/python3.10/site-packages:${PYTHONPATH} /usr/bin/python3 -W ignore:setup.py install is deprecated setup.py egg_info --egg-base ../../build/mypkg build --build-base /home/eleclabs/robot_ws/build/mypkg/build install --record /home/eleclabs/robot_ws/build/mypkg/install.log --single-version-externally-managed install_data
