[0.802s] Invoking command in '/home/eleclabs/robot_ws/src/mypkg': PYTHONPATH=/home/eleclabs/robot_ws/build/mypkg/prefix_override:/usr/lib/python3/dist-packages/colcon_core/task/python/colcon_distutils_commands:/home/eleclabs/robot_ws/install/mypkg/lib/python3.10/site-packages:${PYTHONPATH} /usr/bin/python3 -W ignore:setup.py install is deprecated setup.py egg_info --egg-base ../../build/mypkg build --build-base /home/eleclabs/robot_ws/build/mypkg/build install --record /home/eleclabs/robot_ws/build/mypkg/install.log --single-version-externally-managed install_data
[1.018s] running egg_info
[1.019s] writing ../../build/mypkg/mypkg.egg-info/PKG-INFO
[1.019s] writing dependency_links to ../../build/mypkg/mypkg.egg-info/dependency_links.txt
[1.019s] writing entry points to ../../build/mypkg/mypkg.egg-info/entry_points.txt
[1.019s] writing requirements to ../../build/mypkg/mypkg.egg-info/requires.txt
[1.019s] writing top-level names to ../../build/mypkg/mypkg.egg-info/top_level.txt
[1.021s] reading manifest file '../../build/mypkg/mypkg.egg-info/SOURCES.txt'
[1.022s] writing manifest file '../../build/mypkg/mypkg.egg-info/SOURCES.txt'
[1.022s] running build
[1.022s] running build_py
[1.023s] running install
[1.023s] running install_lib
[1.024s] running install_data
[1.025s] copying package.xml -> /home/eleclabs/robot_ws/install/mypkg/share/mypkg
[1.025s] running install_egg_info
[1.025s] removing '/home/eleclabs/robot_ws/install/mypkg/lib/python3.10/site-packages/mypkg-0.0.0-py3.10.egg-info' (and everything under it)
[1.027s] Copying ../../build/mypkg/mypkg.egg-info to /home/eleclabs/robot_ws/install/mypkg/lib/python3.10/site-packages/mypkg-0.0.0-py3.10.egg-info
[1.027s] running install_scripts
[1.042s] Installing publisher_node script to /home/eleclabs/robot_ws/install/mypkg/lib/mypkg
[1.042s] writing list of installed files to '/home/eleclabs/robot_ws/build/mypkg/install.log'
[1.070s] Invoked command in '/home/eleclabs/robot_ws/src/mypkg' returned '0': PYTHONPATH=/home/eleclabs/robot_ws/build/mypkg/prefix_override:/usr/lib/python3/dist-packages/colcon_core/task/python/colcon_distutils_commands:/home/eleclabs/robot_ws/install/mypkg/lib/python3.10/site-packages:${PYTHONPATH} /usr/bin/python3 -W ignore:setup.py install is deprecated setup.py egg_info --egg-base ../../build/mypkg build --build-base /home/eleclabs/robot_ws/build/mypkg/build install --record /home/eleclabs/robot_ws/build/mypkg/install.log --single-version-externally-managed install_data
