[0.815s] Invoking command in '/home/eleclabs/robot_ws/src/mypkg': PYTHONPATH=/home/eleclabs/robot_ws/build/mypkg/prefix_override:/usr/lib/python3/dist-packages/colcon_core/task/python/colcon_distutils_commands:/home/eleclabs/robot_ws/install/mypkg/lib/python3.10/site-packages:${PYTHONPATH} /usr/bin/python3 -W ignore:setup.py install is deprecated setup.py egg_info --egg-base ../../build/mypkg build --build-base /home/eleclabs/robot_ws/build/mypkg/build install --record /home/eleclabs/robot_ws/build/mypkg/install.log --single-version-externally-managed install_data
[1.022s] running egg_info
[1.022s] writing ../../build/mypkg/mypkg.egg-info/PKG-INFO
[1.022s] writing dependency_links to ../../build/mypkg/mypkg.egg-info/dependency_links.txt
[1.022s] writing entry points to ../../build/mypkg/mypkg.egg-info/entry_points.txt
[1.023s] writing requirements to ../../build/mypkg/mypkg.egg-info/requires.txt
[1.023s] writing top-level names to ../../build/mypkg/mypkg.egg-info/top_level.txt
[1.024s] reading manifest file '../../build/mypkg/mypkg.egg-info/SOURCES.txt'
[1.025s] writing manifest file '../../build/mypkg/mypkg.egg-info/SOURCES.txt'
[1.026s] running build
[1.026s] running build_py
[1.026s] copying mypkg/__init__.py -> /home/eleclabs/robot_ws/build/mypkg/build/lib/mypkg
[1.027s] copying mypkg/publisher_node.py -> /home/eleclabs/robot_ws/build/mypkg/build/lib/mypkg
[1.027s] running install
[1.027s] running install_lib
[1.027s] copying /home/eleclabs/robot_ws/build/mypkg/build/lib/mypkg/__init__.py -> /home/eleclabs/robot_ws/install/mypkg/lib/python3.10/site-packages/mypkg
[1.028s] copying /home/eleclabs/robot_ws/build/mypkg/build/lib/mypkg/publisher_node.py -> /home/eleclabs/robot_ws/install/mypkg/lib/python3.10/site-packages/mypkg
[1.028s] byte-compiling /home/eleclabs/robot_ws/install/mypkg/lib/python3.10/site-packages/mypkg/__init__.py to __init__.cpython-310.pyc
[1.028s] byte-compiling /home/eleclabs/robot_ws/install/mypkg/lib/python3.10/site-packages/mypkg/publisher_node.py to publisher_node.cpython-310.pyc
[1.029s] running install_data
[1.029s] copying resource/mypkg -> /home/eleclabs/robot_ws/install/mypkg/share/ament_index/resource_index/packages
[1.029s] copying package.xml -> /home/eleclabs/robot_ws/install/mypkg/share/mypkg
[1.029s] running install_egg_info
[1.030s] removing '/home/eleclabs/robot_ws/install/mypkg/lib/python3.10/site-packages/mypkg-0.0.0-py3.10.egg-info' (and everything under it)
[1.030s] Copying ../../build/mypkg/mypkg.egg-info to /home/eleclabs/robot_ws/install/mypkg/lib/python3.10/site-packages/mypkg-0.0.0-py3.10.egg-info
[1.031s] running install_scripts
[1.046s] Installing publisher_node script to /home/eleclabs/robot_ws/install/mypkg/lib/mypkg
[1.047s] writing list of installed files to '/home/eleclabs/robot_ws/build/mypkg/install.log'
[1.084s] Invoked command in '/home/eleclabs/robot_ws/src/mypkg' returned '0': PYTHONPATH=/home/eleclabs/robot_ws/build/mypkg/prefix_override:/usr/lib/python3/dist-packages/colcon_core/task/python/colcon_distutils_commands:/home/eleclabs/robot_ws/install/mypkg/lib/python3.10/site-packages:${PYTHONPATH} /usr/bin/python3 -W ignore:setup.py install is deprecated setup.py egg_info --egg-base ../../build/mypkg build --build-base /home/eleclabs/robot_ws/build/mypkg/build install --record /home/eleclabs/robot_ws/build/mypkg/install.log --single-version-externally-managed install_data
