[0.635s] Invoking command in '/home/eleclabs/robot_ws/src/mypkg': PYTHONPATH=/home/eleclabs/robot_ws/build/mypkg/prefix_override:/usr/lib/python3/dist-packages/colcon_core/task/python/colcon_distutils_commands:/home/eleclabs/robot_ws/install/mypkg/lib/python3.10/site-packages:${PYTHONPATH} /usr/bin/python3 -W ignore:setup.py install is deprecated setup.py egg_info --egg-base ../../build/mypkg build --build-base /home/eleclabs/robot_ws/build/mypkg/build install --record /home/eleclabs/robot_ws/build/mypkg/install.log --single-version-externally-managed install_data
[0.847s] running egg_info
[0.847s] writing ../../build/mypkg/mypkg.egg-info/PKG-INFO
[0.848s] writing dependency_links to ../../build/mypkg/mypkg.egg-info/dependency_links.txt
[0.848s] writing entry points to ../../build/mypkg/mypkg.egg-info/entry_points.txt
[0.848s] writing requirements to ../../build/mypkg/mypkg.egg-info/requires.txt
[0.849s] writing top-level names to ../../build/mypkg/mypkg.egg-info/top_level.txt
[0.850s] reading manifest file '../../build/mypkg/mypkg.egg-info/SOURCES.txt'
[0.851s] writing manifest file '../../build/mypkg/mypkg.egg-info/SOURCES.txt'
[0.851s] running build
[0.851s] running build_py
[0.851s] copying mypkg/__init__.py -> /home/eleclabs/robot_ws/build/mypkg/build/lib/mypkg
[0.852s] copying mypkg/sub_node.py -> /home/eleclabs/robot_ws/build/mypkg/build/lib/mypkg
[0.852s] copying mypkg/pub_node.py -> /home/eleclabs/robot_ws/build/mypkg/build/lib/mypkg
[0.852s] running install
[0.852s] running install_lib
[0.853s] copying /home/eleclabs/robot_ws/build/mypkg/build/lib/mypkg/__init__.py -> /home/eleclabs/robot_ws/install/mypkg/lib/python3.10/site-packages/mypkg
[0.853s] copying /home/eleclabs/robot_ws/build/mypkg/build/lib/mypkg/sub_node.py -> /home/eleclabs/robot_ws/install/mypkg/lib/python3.10/site-packages/mypkg
[0.853s] copying /home/eleclabs/robot_ws/build/mypkg/build/lib/mypkg/pub_node.py -> /home/eleclabs/robot_ws/install/mypkg/lib/python3.10/site-packages/mypkg
[0.854s] byte-compiling /home/eleclabs/robot_ws/install/mypkg/lib/python3.10/site-packages/mypkg/__init__.py to __init__.cpython-310.pyc
[0.854s] byte-compiling /home/eleclabs/robot_ws/install/mypkg/lib/python3.10/site-packages/mypkg/sub_node.py to sub_node.cpython-310.pyc
[0.855s] byte-compiling /home/eleclabs/robot_ws/install/mypkg/lib/python3.10/site-packages/mypkg/pub_node.py to pub_node.cpython-310.pyc
[0.855s] running install_data
[0.855s] copying resource/mypkg -> /home/eleclabs/robot_ws/install/mypkg/share/ament_index/resource_index/packages
[0.855s] copying package.xml -> /home/eleclabs/robot_ws/install/mypkg/share/mypkg
[0.856s] running install_egg_info
[0.857s] removing '/home/eleclabs/robot_ws/install/mypkg/lib/python3.10/site-packages/mypkg-0.0.0-py3.10.egg-info' (and everything under it)
[0.858s] Copying ../../build/mypkg/mypkg.egg-info to /home/eleclabs/robot_ws/install/mypkg/lib/python3.10/site-packages/mypkg-0.0.0-py3.10.egg-info
[0.859s] running install_scripts
[0.875s] writing list of installed files to '/home/eleclabs/robot_ws/build/mypkg/install.log'
[0.896s] Invoked command in '/home/eleclabs/robot_ws/src/mypkg' returned '0': PYTHONPATH=/home/eleclabs/robot_ws/build/mypkg/prefix_override:/usr/lib/python3/dist-packages/colcon_core/task/python/colcon_distutils_commands:/home/eleclabs/robot_ws/install/mypkg/lib/python3.10/site-packages:${PYTHONPATH} /usr/bin/python3 -W ignore:setup.py install is deprecated setup.py egg_info --egg-base ../../build/mypkg build --build-base /home/eleclabs/robot_ws/build/mypkg/build install --record /home/eleclabs/robot_ws/build/mypkg/install.log --single-version-externally-managed install_data
